{"/home/jaycho/codesmith/osp-ditto/server/src/db.ts": {"path":"/home/jaycho/codesmith/osp-ditto/server/src/db.ts","statementMap":{"0":{"start":{"line":3,"column":0},"end":{"line":3,"column":16}},"1":{"start":{"line":5,"column":13},"end":{"line":14,"column":2}},"2":{"start":{"line":16,"column":11},"end":{"line":57,"column":1}},"3":{"start":{"line":19,"column":2},"end":{"line":28,"column":3}},"4":{"start":{"line":20,"column":3},"end":{"line":20,"column":24}},"5":{"start":{"line":21,"column":3},"end":{"line":21,"column":51}},"6":{"start":{"line":23,"column":3},"end":{"line":27,"column":4}},"7":{"start":{"line":24,"column":4},"end":{"line":24,"column":50}},"8":{"start":{"line":26,"column":4},"end":{"line":26,"column":53}},"9":{"start":{"line":33,"column":2},"end":{"line":42,"column":3}},"10":{"start":{"line":34,"column":3},"end":{"line":34,"column":20}},"11":{"start":{"line":35,"column":3},"end":{"line":35,"column":47}},"12":{"start":{"line":37,"column":3},"end":{"line":41,"column":4}},"13":{"start":{"line":38,"column":4},"end":{"line":38,"column":50}},"14":{"start":{"line":40,"column":4},"end":{"line":40,"column":53}},"15":{"start":{"line":46,"column":2},"end":{"line":55,"column":3}},"16":{"start":{"line":47,"column":18},"end":{"line":47,"column":55}},"17":{"start":{"line":48,"column":3},"end":{"line":48,"column":22}},"18":{"start":{"line":50,"column":3},"end":{"line":54,"column":4}},"19":{"start":{"line":51,"column":4},"end":{"line":51,"column":45}},"20":{"start":{"line":53,"column":4},"end":{"line":53,"column":53}}},"fnMap":{"0":{"name":"(anonymous_0)","decl":{"start":{"line":17,"column":1},"end":{"line":17,"column":2}},"loc":{"start":{"line":17,"column":32},"end":{"line":29,"column":2}},"line":17},"1":{"name":"(anonymous_1)","decl":{"start":{"line":31,"column":1},"end":{"line":31,"column":2}},"loc":{"start":{"line":31,"column":28},"end":{"line":43,"column":2}},"line":31},"2":{"name":"(anonymous_2)","decl":{"start":{"line":45,"column":1},"end":{"line":45,"column":2}},"loc":{"start":{"line":45,"column":78},"end":{"line":56,"column":2}},"line":45}},"branchMap":{"0":{"loc":{"start":{"line":8,"column":11},"end":{"line":8,"column":63}},"type":"cond-expr","locations":[{"start":{"line":8,"column":45},"end":{"line":8,"column":51}},{"start":{"line":8,"column":54},"end":{"line":8,"column":63}}],"line":8},"1":{"loc":{"start":{"line":23,"column":3},"end":{"line":27,"column":4}},"type":"if","locations":[{"start":{"line":23,"column":3},"end":{"line":27,"column":4}},{"start":{"line":25,"column":10},"end":{"line":27,"column":4}}],"line":23},"2":{"loc":{"start":{"line":37,"column":3},"end":{"line":41,"column":4}},"type":"if","locations":[{"start":{"line":37,"column":3},"end":{"line":41,"column":4}},{"start":{"line":39,"column":10},"end":{"line":41,"column":4}}],"line":37},"3":{"loc":{"start":{"line":50,"column":3},"end":{"line":54,"column":4}},"type":"if","locations":[{"start":{"line":50,"column":3},"end":{"line":54,"column":4}},{"start":{"line":52,"column":10},"end":{"line":54,"column":4}}],"line":50}},"s":{"0":4,"1":4,"2":4,"3":0,"4":0,"5":0,"6":0,"7":0,"8":0,"9":3,"10":3,"11":3,"12":0,"13":0,"14":0,"15":33,"16":33,"17":33,"18":0,"19":0,"20":0},"f":{"0":0,"1":3,"2":33},"b":{"0":[4,0],"1":[0,0],"2":[0,0],"3":[0,0]},"_coverageSchema":"1a1c01bbd47fc00a2c39e90264f33305004495a9","hash":"31a27a470160813357a8c5d409a11e047c5ec58e"}
,"/home/jaycho/codesmith/osp-ditto/server/src/server.ts": {"path":"/home/jaycho/codesmith/osp-ditto/server/src/server.ts","statementMap":{"0":{"start":{"line":12,"column":0},"end":{"line":12,"column":16}},"1":{"start":{"line":14,"column":21},"end":{"line":14,"column":30}},"2":{"start":{"line":15,"column":21},"end":{"line":15,"column":25}},"3":{"start":{"line":17,"column":0},"end":{"line":17,"column":16}},"4":{"start":{"line":19,"column":0},"end":{"line":19,"column":24}},"5":{"start":{"line":20,"column":0},"end":{"line":20,"column":48}},"6":{"start":{"line":22,"column":17},"end":{"line":22,"column":58}},"7":{"start":{"line":23,"column":0},"end":{"line":23,"column":34}},"8":{"start":{"line":33,"column":0},"end":{"line":33,"column":39}},"9":{"start":{"line":35,"column":0},"end":{"line":35,"column":31}},"10":{"start":{"line":37,"column":0},"end":{"line":37,"column":45}},"11":{"start":{"line":39,"column":0},"end":{"line":39,"column":29}},"12":{"start":{"line":41,"column":0},"end":{"line":41,"column":25}},"13":{"start":{"line":43,"column":0},"end":{"line":43,"column":37}},"14":{"start":{"line":46,"column":0},"end":{"line":50,"column":3}},"15":{"start":{"line":47,"column":1},"end":{"line":47,"column":45}},"16":{"start":{"line":48,"column":1},"end":{"line":48,"column":52}},"17":{"start":{"line":53,"column":0},"end":{"line":62,"column":3}},"18":{"start":{"line":54,"column":20},"end":{"line":58,"column":2}},"19":{"start":{"line":59,"column":18},"end":{"line":59,"column":52}},"20":{"start":{"line":60,"column":1},"end":{"line":60,"column":59}},"21":{"start":{"line":61,"column":1},"end":{"line":61,"column":48}},"22":{"start":{"line":64,"column":0},"end":{"line":68,"column":1}},"23":{"start":{"line":65,"column":1},"end":{"line":67,"column":4}},"24":{"start":{"line":66,"column":2},"end":{"line":66,"column":58}}},"fnMap":{"0":{"name":"(anonymous_0)","decl":{"start":{"line":46,"column":13},"end":{"line":46,"column":14}},"loc":{"start":{"line":46,"column":46},"end":{"line":50,"column":1}},"line":46},"1":{"name":"(anonymous_1)","decl":{"start":{"line":53,"column":8},"end":{"line":53,"column":9}},"loc":{"start":{"line":53,"column":79},"end":{"line":62,"column":1}},"line":53},"2":{"name":"(anonymous_2)","decl":{"start":{"line":65,"column":18},"end":{"line":65,"column":19}},"loc":{"start":{"line":65,"column":24},"end":{"line":67,"column":2}},"line":65}},"branchMap":{"0":{"loc":{"start":{"line":64,"column":0},"end":{"line":68,"column":1}},"type":"if","locations":[{"start":{"line":64,"column":0},"end":{"line":68,"column":1}},{"start":{},"end":{}}],"line":64}},"s":{"0":3,"1":3,"2":3,"3":3,"4":3,"5":3,"6":3,"7":3,"8":3,"9":3,"10":3,"11":3,"12":3,"13":3,"14":3,"15":0,"16":0,"17":3,"18":0,"19":0,"20":0,"21":0,"22":3,"23":0,"24":0},"f":{"0":0,"1":0,"2":0},"b":{"0":[0,3]},"_coverageSchema":"1a1c01bbd47fc00a2c39e90264f33305004495a9","hash":"d7a782ffcaaab2c2ef668a4de478a73f0774a009"}
,"/home/jaycho/codesmith/osp-ditto/server/src/controllers/authController.ts": {"path":"/home/jaycho/codesmith/osp-ditto/server/src/controllers/authController.ts","statementMap":{"0":{"start":{"line":6,"column":18},"end":{"line":6,"column":40}},"1":{"start":{"line":8,"column":0},"end":{"line":10,"column":1}},"2":{"start":{"line":9,"column":1},"end":{"line":9,"column":46}},"3":{"start":{"line":12,"column":27},"end":{"line":35,"column":1}},"4":{"start":{"line":17,"column":16},"end":{"line":17,"column":41}},"5":{"start":{"line":18,"column":1},"end":{"line":34,"column":2}},"6":{"start":{"line":20,"column":16},"end":{"line":20,"column":36}},"7":{"start":{"line":22,"column":2},"end":{"line":30,"column":5}},"8":{"start":{"line":23,"column":3},"end":{"line":26,"column":4}},"9":{"start":{"line":24,"column":4},"end":{"line":24,"column":40}},"10":{"start":{"line":25,"column":4},"end":{"line":25,"column":31}},"11":{"start":{"line":28,"column":3},"end":{"line":28,"column":55}},"12":{"start":{"line":29,"column":3},"end":{"line":29,"column":17}},"13":{"start":{"line":32,"column":2},"end":{"line":32,"column":47}},"14":{"start":{"line":33,"column":2},"end":{"line":33,"column":29}},"15":{"start":{"line":37,"column":24},"end":{"line":61,"column":1}},"16":{"start":{"line":42,"column":32},"end":{"line":42,"column":40}},"17":{"start":{"line":43,"column":1},"end":{"line":60,"column":2}},"18":{"start":{"line":44,"column":23},"end":{"line":44,"column":47}},"19":{"start":{"line":45,"column":2},"end":{"line":51,"column":3}},"20":{"start":{"line":46,"column":3},"end":{"line":46,"column":42}},"21":{"start":{"line":47,"column":3},"end":{"line":47,"column":30}},"22":{"start":{"line":48,"column":9},"end":{"line":51,"column":3}},"23":{"start":{"line":49,"column":3},"end":{"line":49,"column":51}},"24":{"start":{"line":50,"column":3},"end":{"line":50,"column":30}},"25":{"start":{"line":52,"column":15},"end":{"line":52,"column":51}},"26":{"start":{"line":53,"column":2},"end":{"line":53,"column":35}},"27":{"start":{"line":54,"column":2},"end":{"line":54,"column":16}},"28":{"start":{"line":56,"column":2},"end":{"line":59,"column":5}},"29":{"start":{"line":63,"column":21},"end":{"line":95,"column":1}},"30":{"start":{"line":68,"column":32},"end":{"line":68,"column":40}},"31":{"start":{"line":69,"column":1},"end":{"line":94,"column":2}},"32":{"start":{"line":70,"column":15},"end":{"line":70,"column":39}},"33":{"start":{"line":71,"column":2},"end":{"line":74,"column":3}},"34":{"start":{"line":72,"column":3},"end":{"line":72,"column":42}},"35":{"start":{"line":73,"column":3},"end":{"line":73,"column":30}},"36":{"start":{"line":76,"column":16},"end":{"line":76,"column":61}},"37":{"start":{"line":77,"column":2},"end":{"line":80,"column":3}},"38":{"start":{"line":78,"column":3},"end":{"line":78,"column":33}},"39":{"start":{"line":79,"column":3},"end":{"line":79,"column":30}},"40":{"start":{"line":82,"column":16},"end":{"line":86,"column":3}},"41":{"start":{"line":87,"column":2},"end":{"line":87,"column":27}},"42":{"start":{"line":88,"column":2},"end":{"line":88,"column":16}},"43":{"start":{"line":90,"column":2},"end":{"line":93,"column":5}}},"fnMap":{"0":{"name":"(anonymous_0)","decl":{"start":{"line":12,"column":27},"end":{"line":12,"column":28}},"loc":{"start":{"line":16,"column":5},"end":{"line":35,"column":1}},"line":16},"1":{"name":"(anonymous_1)","decl":{"start":{"line":22,"column":45},"end":{"line":22,"column":46}},"loc":{"start":{"line":22,"column":60},"end":{"line":30,"column":3}},"line":22},"2":{"name":"(anonymous_2)","decl":{"start":{"line":37,"column":24},"end":{"line":37,"column":25}},"loc":{"start":{"line":41,"column":5},"end":{"line":61,"column":1}},"line":41},"3":{"name":"(anonymous_3)","decl":{"start":{"line":63,"column":21},"end":{"line":63,"column":22}},"loc":{"start":{"line":67,"column":5},"end":{"line":95,"column":1}},"line":67}},"branchMap":{"0":{"loc":{"start":{"line":8,"column":0},"end":{"line":10,"column":1}},"type":"if","locations":[{"start":{"line":8,"column":0},"end":{"line":10,"column":1}},{"start":{},"end":{}}],"line":8},"1":{"loc":{"start":{"line":18,"column":1},"end":{"line":34,"column":2}},"type":"if","locations":[{"start":{"line":18,"column":1},"end":{"line":34,"column":2}},{"start":{"line":31,"column":8},"end":{"line":34,"column":2}}],"line":18},"2":{"loc":{"start":{"line":23,"column":3},"end":{"line":26,"column":4}},"type":"if","locations":[{"start":{"line":23,"column":3},"end":{"line":26,"column":4}},{"start":{},"end":{}}],"line":23},"3":{"loc":{"start":{"line":45,"column":2},"end":{"line":51,"column":3}},"type":"if","locations":[{"start":{"line":45,"column":2},"end":{"line":51,"column":3}},{"start":{"line":48,"column":9},"end":{"line":51,"column":3}}],"line":45},"4":{"loc":{"start":{"line":48,"column":9},"end":{"line":51,"column":3}},"type":"if","locations":[{"start":{"line":48,"column":9},"end":{"line":51,"column":3}},{"start":{},"end":{}}],"line":48},"5":{"loc":{"start":{"line":48,"column":13},"end":{"line":48,"column":35}},"type":"binary-expr","locations":[{"start":{"line":48,"column":13},"end":{"line":48,"column":22}},{"start":{"line":48,"column":26},"end":{"line":48,"column":35}}],"line":48},"6":{"loc":{"start":{"line":71,"column":2},"end":{"line":74,"column":3}},"type":"if","locations":[{"start":{"line":71,"column":2},"end":{"line":74,"column":3}},{"start":{},"end":{}}],"line":71},"7":{"loc":{"start":{"line":77,"column":2},"end":{"line":80,"column":3}},"type":"if","locations":[{"start":{"line":77,"column":2},"end":{"line":80,"column":3}},{"start":{},"end":{}}],"line":77}},"s":{"0":3,"1":3,"2":0,"3":3,"4":25,"5":25,"6":17,"7":17,"8":17,"9":8,"10":8,"11":9,"12":9,"13":8,"14":8,"15":3,"16":4,"17":4,"18":4,"19":4,"20":1,"21":1,"22":3,"23":2,"24":2,"25":1,"26":1,"27":1,"28":0,"29":3,"30":3,"31":3,"32":3,"33":3,"34":1,"35":1,"36":2,"37":2,"38":1,"39":1,"40":1,"41":1,"42":1,"43":0},"f":{"0":25,"1":17,"2":4,"3":3},"b":{"0":[0,3],"1":[17,8],"2":[8,9],"3":[1,3],"4":[2,1],"5":[3,2],"6":[1,2],"7":[1,1]},"_coverageSchema":"1a1c01bbd47fc00a2c39e90264f33305004495a9","hash":"69958a3190b80f77b732dc3a934dbb8b28acf8a3"}
,"/home/jaycho/codesmith/osp-ditto/server/src/controllers/dbController.ts": {"path":"/home/jaycho/codesmith/osp-ditto/server/src/controllers/dbController.ts","statementMap":{"0":{"start":{"line":10,"column":37},"end":{"line":47,"column":1}},"1":{"start":{"line":15,"column":40},"end":{"line":15,"column":48}},"2":{"start":{"line":17,"column":16},"end":{"line":17,"column":28}},"3":{"start":{"line":19,"column":1},"end":{"line":22,"column":2}},"4":{"start":{"line":20,"column":2},"end":{"line":20,"column":30}},"5":{"start":{"line":21,"column":2},"end":{"line":21,"column":29}},"6":{"start":{"line":24,"column":1},"end":{"line":46,"column":2}},"7":{"start":{"line":25,"column":30},"end":{"line":25,"column":67}},"8":{"start":{"line":26,"column":2},"end":{"line":35,"column":3}},"9":{"start":{"line":27,"column":21},"end":{"line":29,"column":4}},"10":{"start":{"line":28,"column":10},"end":{"line":28,"column":52}},"11":{"start":{"line":31,"column":3},"end":{"line":34,"column":4}},"12":{"start":{"line":32,"column":4},"end":{"line":32,"column":52}},"13":{"start":{"line":33,"column":4},"end":{"line":33,"column":31}},"14":{"start":{"line":37,"column":16},"end":{"line":37,"column":56}},"15":{"start":{"line":38,"column":2},"end":{"line":38,"column":60}},"16":{"start":{"line":39,"column":2},"end":{"line":39,"column":69}},"17":{"start":{"line":40,"column":2},"end":{"line":40,"column":16}},"18":{"start":{"line":42,"column":2},"end":{"line":45,"column":5}},"19":{"start":{"line":49,"column":35},"end":{"line":69,"column":1}},"20":{"start":{"line":54,"column":16},"end":{"line":54,"column":28}},"21":{"start":{"line":55,"column":1},"end":{"line":58,"column":2}},"22":{"start":{"line":56,"column":2},"end":{"line":56,"column":30}},"23":{"start":{"line":57,"column":2},"end":{"line":57,"column":29}},"24":{"start":{"line":59,"column":1},"end":{"line":68,"column":2}},"25":{"start":{"line":60,"column":28},"end":{"line":60,"column":65}},"26":{"start":{"line":61,"column":2},"end":{"line":61,"column":51}},"27":{"start":{"line":62,"column":2},"end":{"line":62,"column":16}},"28":{"start":{"line":64,"column":2},"end":{"line":67,"column":5}},"29":{"start":{"line":71,"column":39},"end":{"line":100,"column":1}},"30":{"start":{"line":77,"column":18},"end":{"line":77,"column":28}},"31":{"start":{"line":78,"column":16},"end":{"line":78,"column":28}},"32":{"start":{"line":80,"column":1},"end":{"line":83,"column":2}},"33":{"start":{"line":81,"column":2},"end":{"line":81,"column":30}},"34":{"start":{"line":82,"column":2},"end":{"line":82,"column":29}},"35":{"start":{"line":84,"column":1},"end":{"line":99,"column":2}},"36":{"start":{"line":85,"column":27},"end":{"line":85,"column":74}},"37":{"start":{"line":86,"column":2},"end":{"line":91,"column":3}},"38":{"start":{"line":87,"column":3},"end":{"line":90,"column":6}},"39":{"start":{"line":92,"column":2},"end":{"line":92,"column":49}},"40":{"start":{"line":93,"column":2},"end":{"line":93,"column":16}},"41":{"start":{"line":95,"column":2},"end":{"line":98,"column":5}},"42":{"start":{"line":102,"column":42},"end":{"line":125,"column":1}},"43":{"start":{"line":107,"column":18},"end":{"line":107,"column":28}},"44":{"start":{"line":108,"column":16},"end":{"line":108,"column":28}},"45":{"start":{"line":110,"column":1},"end":{"line":113,"column":2}},"46":{"start":{"line":111,"column":2},"end":{"line":111,"column":30}},"47":{"start":{"line":112,"column":2},"end":{"line":112,"column":29}},"48":{"start":{"line":114,"column":1},"end":{"line":124,"column":2}},"49":{"start":{"line":115,"column":2},"end":{"line":115,"column":53}},"50":{"start":{"line":116,"column":18},"end":{"line":116,"column":55}},"51":{"start":{"line":117,"column":2},"end":{"line":117,"column":31}},"52":{"start":{"line":118,"column":2},"end":{"line":118,"column":16}},"53":{"start":{"line":120,"column":2},"end":{"line":123,"column":5}}},"fnMap":{"0":{"name":"(anonymous_0)","decl":{"start":{"line":10,"column":37},"end":{"line":10,"column":38}},"loc":{"start":{"line":14,"column":5},"end":{"line":47,"column":1}},"line":14},"1":{"name":"(anonymous_1)","decl":{"start":{"line":28,"column":4},"end":{"line":28,"column":5}},"loc":{"start":{"line":28,"column":10},"end":{"line":28,"column":52}},"line":28},"2":{"name":"(anonymous_2)","decl":{"start":{"line":49,"column":35},"end":{"line":49,"column":36}},"loc":{"start":{"line":53,"column":5},"end":{"line":69,"column":1}},"line":53},"3":{"name":"(anonymous_3)","decl":{"start":{"line":71,"column":39},"end":{"line":71,"column":40}},"loc":{"start":{"line":75,"column":5},"end":{"line":100,"column":1}},"line":75},"4":{"name":"(anonymous_4)","decl":{"start":{"line":102,"column":42},"end":{"line":102,"column":43}},"loc":{"start":{"line":106,"column":5},"end":{"line":125,"column":1}},"line":106}},"branchMap":{"0":{"loc":{"start":{"line":19,"column":1},"end":{"line":22,"column":2}},"type":"if","locations":[{"start":{"line":19,"column":1},"end":{"line":22,"column":2}},{"start":{},"end":{}}],"line":19},"1":{"loc":{"start":{"line":26,"column":2},"end":{"line":35,"column":3}},"type":"if","locations":[{"start":{"line":26,"column":2},"end":{"line":35,"column":3}},{"start":{},"end":{}}],"line":26},"2":{"loc":{"start":{"line":31,"column":3},"end":{"line":34,"column":4}},"type":"if","locations":[{"start":{"line":31,"column":3},"end":{"line":34,"column":4}},{"start":{},"end":{}}],"line":31},"3":{"loc":{"start":{"line":55,"column":1},"end":{"line":58,"column":2}},"type":"if","locations":[{"start":{"line":55,"column":1},"end":{"line":58,"column":2}},{"start":{},"end":{}}],"line":55},"4":{"loc":{"start":{"line":80,"column":1},"end":{"line":83,"column":2}},"type":"if","locations":[{"start":{"line":80,"column":1},"end":{"line":83,"column":2}},{"start":{},"end":{}}],"line":80},"5":{"loc":{"start":{"line":86,"column":2},"end":{"line":91,"column":3}},"type":"if","locations":[{"start":{"line":86,"column":2},"end":{"line":91,"column":3}},{"start":{},"end":{}}],"line":86},"6":{"loc":{"start":{"line":110,"column":1},"end":{"line":113,"column":2}},"type":"if","locations":[{"start":{"line":110,"column":1},"end":{"line":113,"column":2}},{"start":{},"end":{}}],"line":110}},"s":{"0":3,"1":2,"2":2,"3":2,"4":0,"5":0,"6":2,"7":2,"8":2,"9":2,"10":1,"11":2,"12":1,"13":1,"14":1,"15":1,"16":1,"17":1,"18":0,"19":3,"20":1,"21":1,"22":0,"23":0,"24":1,"25":1,"26":1,"27":1,"28":0,"29":3,"30":0,"31":0,"32":0,"33":0,"34":0,"35":0,"36":0,"37":0,"38":0,"39":0,"40":0,"41":0,"42":3,"43":1,"44":1,"45":1,"46":0,"47":0,"48":1,"49":1,"50":1,"51":1,"52":1,"53":0},"f":{"0":2,"1":1,"2":1,"3":0,"4":1},"b":{"0":[0,2],"1":[2,0],"2":[1,1],"3":[0,1],"4":[0,0],"5":[0,0],"6":[0,1]},"_coverageSchema":"1a1c01bbd47fc00a2c39e90264f33305004495a9","hash":"eee9682886bc6d961fda57a5e3abc058805a4a05"}
,"/home/jaycho/codesmith/osp-ditto/server/src/controllers/engineController.ts": {"path":"/home/jaycho/codesmith/osp-ditto/server/src/controllers/engineController.ts","statementMap":{"0":{"start":{"line":12,"column":19},"end":{"line":19,"column":1}},"1":{"start":{"line":13,"column":1},"end":{"line":18,"column":4}},"2":{"start":{"line":21,"column":31},"end":{"line":37,"column":1}},"3":{"start":{"line":26,"column":1},"end":{"line":36,"column":2}},"4":{"start":{"line":27,"column":2},"end":{"line":27,"column":32}},"5":{"start":{"line":28,"column":2},"end":{"line":28,"column":29}},"6":{"start":{"line":30,"column":2},"end":{"line":30,"column":60}},"7":{"start":{"line":31,"column":2},"end":{"line":31,"column":65}},"8":{"start":{"line":33,"column":2},"end":{"line":35,"column":3}},"9":{"start":{"line":34,"column":3},"end":{"line":34,"column":20}},"10":{"start":{"line":39,"column":32},"end":{"line":119,"column":1}},"11":{"start":{"line":44,"column":1},"end":{"line":44,"column":46}},"12":{"start":{"line":45,"column":16},"end":{"line":45,"column":24}},"13":{"start":{"line":46,"column":16},"end":{"line":46,"column":28}},"14":{"start":{"line":48,"column":1},"end":{"line":53,"column":2}},"15":{"start":{"line":49,"column":2},"end":{"line":52,"column":5}},"16":{"start":{"line":54,"column":1},"end":{"line":54,"column":21}},"17":{"start":{"line":56,"column":1},"end":{"line":118,"column":2}},"18":{"start":{"line":57,"column":28},"end":{"line":57,"column":65}},"19":{"start":{"line":58,"column":2},"end":{"line":58,"column":55}},"20":{"start":{"line":59,"column":2},"end":{"line":59,"column":58}},"21":{"start":{"line":60,"column":2},"end":{"line":62,"column":5}},"22":{"start":{"line":61,"column":3},"end":{"line":61,"column":69}},"23":{"start":{"line":63,"column":27},"end":{"line":65,"column":22}},"24":{"start":{"line":64,"column":9},"end":{"line":64,"column":26}},"25":{"start":{"line":66,"column":2},"end":{"line":66,"column":58}},"26":{"start":{"line":67,"column":2},"end":{"line":72,"column":3}},"27":{"start":{"line":68,"column":3},"end":{"line":71,"column":6}},"28":{"start":{"line":74,"column":15},"end":{"line":74,"column":43}},"29":{"start":{"line":75,"column":2},"end":{"line":75,"column":28}},"30":{"start":{"line":76,"column":28},"end":{"line":76,"column":68}},"31":{"start":{"line":77,"column":2},"end":{"line":77,"column":55}},"32":{"start":{"line":82,"column":2},"end":{"line":101,"column":3}},"33":{"start":{"line":84,"column":25},"end":{"line":87,"column":4}},"34":{"start":{"line":88,"column":3},"end":{"line":93,"column":4}},"35":{"start":{"line":89,"column":4},"end":{"line":89,"column":66}},"36":{"start":{"line":90,"column":4},"end":{"line":92,"column":7}},"37":{"start":{"line":95,"column":3},"end":{"line":100,"column":4}},"38":{"start":{"line":96,"column":4},"end":{"line":96,"column":50}},"39":{"start":{"line":97,"column":4},"end":{"line":97,"column":67}},"40":{"start":{"line":99,"column":4},"end":{"line":99,"column":66}},"41":{"start":{"line":104,"column":24},"end":{"line":111,"column":3}},"42":{"start":{"line":112,"column":2},"end":{"line":112,"column":38}},"43":{"start":{"line":114,"column":2},"end":{"line":117,"column":5}}},"fnMap":{"0":{"name":"(anonymous_0)","decl":{"start":{"line":12,"column":19},"end":{"line":12,"column":20}},"loc":{"start":{"line":12,"column":49},"end":{"line":19,"column":1}},"line":12},"1":{"name":"(anonymous_1)","decl":{"start":{"line":21,"column":31},"end":{"line":21,"column":32}},"loc":{"start":{"line":24,"column":20},"end":{"line":37,"column":1}},"line":24},"2":{"name":"(anonymous_2)","decl":{"start":{"line":39,"column":32},"end":{"line":39,"column":33}},"loc":{"start":{"line":43,"column":5},"end":{"line":119,"column":1}},"line":43},"3":{"name":"(anonymous_3)","decl":{"start":{"line":60,"column":28},"end":{"line":60,"column":29}},"loc":{"start":{"line":60,"column":34},"end":{"line":62,"column":3}},"line":60},"4":{"name":"(anonymous_4)","decl":{"start":{"line":64,"column":3},"end":{"line":64,"column":4}},"loc":{"start":{"line":64,"column":9},"end":{"line":64,"column":26}},"line":64}},"branchMap":{"0":{"loc":{"start":{"line":33,"column":2},"end":{"line":35,"column":3}},"type":"if","locations":[{"start":{"line":33,"column":2},"end":{"line":35,"column":3}},{"start":{},"end":{}}],"line":33},"1":{"loc":{"start":{"line":48,"column":1},"end":{"line":53,"column":2}},"type":"if","locations":[{"start":{"line":48,"column":1},"end":{"line":53,"column":2}},{"start":{},"end":{}}],"line":48},"2":{"loc":{"start":{"line":48,"column":5},"end":{"line":48,"column":21}},"type":"binary-expr","locations":[{"start":{"line":48,"column":5},"end":{"line":48,"column":10}},{"start":{"line":48,"column":14},"end":{"line":48,"column":21}}],"line":48},"3":{"loc":{"start":{"line":67,"column":2},"end":{"line":72,"column":3}},"type":"if","locations":[{"start":{"line":67,"column":2},"end":{"line":72,"column":3}},{"start":{},"end":{}}],"line":67},"4":{"loc":{"start":{"line":88,"column":3},"end":{"line":93,"column":4}},"type":"if","locations":[{"start":{"line":88,"column":3},"end":{"line":93,"column":4}},{"start":{},"end":{}}],"line":88}},"s":{"0":4,"1":0,"2":4,"3":4,"4":4,"5":3,"6":3,"7":3,"8":4,"9":3,"10":4,"11":0,"12":0,"13":0,"14":0,"15":0,"16":0,"17":0,"18":0,"19":0,"20":0,"21":0,"22":0,"23":0,"24":0,"25":0,"26":0,"27":0,"28":0,"29":0,"30":0,"31":0,"32":0,"33":0,"34":0,"35":0,"36":0,"37":0,"38":0,"39":0,"40":0,"41":0,"42":0,"43":0},"f":{"0":0,"1":4,"2":0,"3":0,"4":0},"b":{"0":[3,1],"1":[0,0],"2":[0,0],"3":[0,0],"4":[0,0]},"_coverageSchema":"1a1c01bbd47fc00a2c39e90264f33305004495a9","hash":"33ca838ce8f75a1b01a06c4e82930356c80fb2b8"}
,"/home/jaycho/codesmith/osp-ditto/server/src/controllers/githubAuthController.ts": {"path":"/home/jaycho/codesmith/osp-ditto/server/src/controllers/githubAuthController.ts","statementMap":{"0":{"start":{"line":7,"column":17},"end":{"line":7,"column":55}},"1":{"start":{"line":8,"column":21},"end":{"line":8,"column":63}},"2":{"start":{"line":9,"column":18},"end":{"line":9,"column":50}},"3":{"start":{"line":10,"column":20},"end":{"line":10,"column":59}},"4":{"start":{"line":17,"column":27},"end":{"line":20,"column":1}},"5":{"start":{"line":18,"column":23},"end":{"line":18,"column":115}},"6":{"start":{"line":19,"column":1},"end":{"line":19,"column":29}},"7":{"start":{"line":22,"column":30},"end":{"line":86,"column":1}},"8":{"start":{"line":27,"column":14},"end":{"line":27,"column":38}},"9":{"start":{"line":28,"column":1},"end":{"line":28,"column":56}},"10":{"start":{"line":29,"column":1},"end":{"line":31,"column":2}},"11":{"start":{"line":30,"column":2},"end":{"line":30,"column":61}},"12":{"start":{"line":33,"column":1},"end":{"line":85,"column":2}},"13":{"start":{"line":35,"column":24},"end":{"line":49,"column":3}},"14":{"start":{"line":51,"column":22},"end":{"line":51,"column":53}},"15":{"start":{"line":52,"column":3},"end":{"line":52,"column":44}},"16":{"start":{"line":53,"column":2},"end":{"line":55,"column":3}},"17":{"start":{"line":54,"column":3},"end":{"line":54,"column":70}},"18":{"start":{"line":57,"column":23},"end":{"line":61,"column":4}},"19":{"start":{"line":63,"column":19},"end":{"line":63,"column":36}},"20":{"start":{"line":64,"column":2},"end":{"line":64,"column":36}},"21":{"start":{"line":65,"column":13},"end":{"line":65,"column":43}},"22":{"start":{"line":66,"column":2},"end":{"line":68,"column":3}},"23":{"start":{"line":67,"column":3},"end":{"line":67,"column":48}},"24":{"start":{"line":70,"column":16},"end":{"line":74,"column":3}},"25":{"start":{"line":75,"column":3},"end":{"line":75,"column":62}},"26":{"start":{"line":76,"column":22},"end":{"line":76,"column":78}},"27":{"start":{"line":79,"column":2},"end":{"line":79,"column":28}},"28":{"start":{"line":80,"column":2},"end":{"line":80,"column":46}},"29":{"start":{"line":82,"column":2},"end":{"line":84,"column":5}},"30":{"start":{"line":88,"column":22},"end":{"line":95,"column":1}},"31":{"start":{"line":89,"column":1},"end":{"line":94,"column":4}},"32":{"start":{"line":90,"column":2},"end":{"line":92,"column":3}},"33":{"start":{"line":91,"column":3},"end":{"line":91,"column":63}},"34":{"start":{"line":93,"column":2},"end":{"line":93,"column":20}}},"fnMap":{"0":{"name":"(anonymous_0)","decl":{"start":{"line":17,"column":27},"end":{"line":17,"column":28}},"loc":{"start":{"line":17,"column":60},"end":{"line":20,"column":1}},"line":17},"1":{"name":"(anonymous_1)","decl":{"start":{"line":22,"column":30},"end":{"line":22,"column":31}},"loc":{"start":{"line":26,"column":5},"end":{"line":86,"column":1}},"line":26},"2":{"name":"(anonymous_2)","decl":{"start":{"line":88,"column":22},"end":{"line":88,"column":23}},"loc":{"start":{"line":88,"column":55},"end":{"line":95,"column":1}},"line":88},"3":{"name":"(anonymous_3)","decl":{"start":{"line":89,"column":21},"end":{"line":89,"column":22}},"loc":{"start":{"line":89,"column":28},"end":{"line":94,"column":2}},"line":89}},"branchMap":{"0":{"loc":{"start":{"line":29,"column":1},"end":{"line":31,"column":2}},"type":"if","locations":[{"start":{"line":29,"column":1},"end":{"line":31,"column":2}},{"start":{},"end":{}}],"line":29},"1":{"loc":{"start":{"line":53,"column":2},"end":{"line":55,"column":3}},"type":"if","locations":[{"start":{"line":53,"column":2},"end":{"line":55,"column":3}},{"start":{},"end":{}}],"line":53},"2":{"loc":{"start":{"line":66,"column":2},"end":{"line":68,"column":3}},"type":"if","locations":[{"start":{"line":66,"column":2},"end":{"line":68,"column":3}},{"start":{},"end":{}}],"line":66},"3":{"loc":{"start":{"line":90,"column":2},"end":{"line":92,"column":3}},"type":"if","locations":[{"start":{"line":90,"column":2},"end":{"line":92,"column":3}},{"start":{},"end":{}}],"line":90}},"s":{"0":3,"1":3,"2":3,"3":3,"4":3,"5":0,"6":0,"7":3,"8":0,"9":0,"10":0,"11":0,"12":0,"13":0,"14":0,"15":0,"16":0,"17":0,"18":0,"19":0,"20":0,"21":0,"22":0,"23":0,"24":0,"25":0,"26":0,"27":0,"28":0,"29":0,"30":3,"31":0,"32":0,"33":0,"34":0},"f":{"0":0,"1":0,"2":0,"3":0},"b":{"0":[0,0],"1":[0,0],"2":[0,0],"3":[0,0]},"_coverageSchema":"1a1c01bbd47fc00a2c39e90264f33305004495a9","hash":"74b66469afaa94fb46899a8bbb891e4b8ddbdb47"}
,"/home/jaycho/codesmith/osp-ditto/server/src/controllers/migrationLogsController.ts": {"path":"/home/jaycho/codesmith/osp-ditto/server/src/controllers/migrationLogsController.ts","statementMap":{"0":{"start":{"line":24,"column":34},"end":{"line":55,"column":1}},"1":{"start":{"line":29,"column":16},"end":{"line":29,"column":28}},"2":{"start":{"line":30,"column":18},"end":{"line":30,"column":28}},"3":{"start":{"line":31,"column":42},"end":{"line":31,"column":50}},"4":{"start":{"line":32,"column":1},"end":{"line":34,"column":2}},"5":{"start":{"line":33,"column":2},"end":{"line":33,"column":29}},"6":{"start":{"line":35,"column":1},"end":{"line":54,"column":2}},"7":{"start":{"line":36,"column":19},"end":{"line":36,"column":43}},"8":{"start":{"line":37,"column":17},"end":{"line":44,"column":3}},"9":{"start":{"line":45,"column":2},"end":{"line":45,"column":60}},"10":{"start":{"line":46,"column":2},"end":{"line":46,"column":70}},"11":{"start":{"line":47,"column":2},"end":{"line":47,"column":35}},"12":{"start":{"line":48,"column":2},"end":{"line":48,"column":16}},"13":{"start":{"line":50,"column":2},"end":{"line":53,"column":5}},"14":{"start":{"line":57,"column":31},"end":{"line":82,"column":1}},"15":{"start":{"line":62,"column":16},"end":{"line":62,"column":28}},"16":{"start":{"line":63,"column":25},"end":{"line":63,"column":35}},"17":{"start":{"line":65,"column":1},"end":{"line":70,"column":2}},"18":{"start":{"line":66,"column":2},"end":{"line":69,"column":5}},"19":{"start":{"line":72,"column":1},"end":{"line":81,"column":2}},"20":{"start":{"line":73,"column":14},"end":{"line":73,"column":61}},"21":{"start":{"line":74,"column":2},"end":{"line":74,"column":32}},"22":{"start":{"line":75,"column":2},"end":{"line":75,"column":16}},"23":{"start":{"line":77,"column":2},"end":{"line":80,"column":5}},"24":{"start":{"line":84,"column":34},"end":{"line":117,"column":1}},"25":{"start":{"line":89,"column":16},"end":{"line":89,"column":28}},"26":{"start":{"line":90,"column":25},"end":{"line":90,"column":35}},"27":{"start":{"line":91,"column":42},"end":{"line":91,"column":50}},"28":{"start":{"line":93,"column":1},"end":{"line":98,"column":2}},"29":{"start":{"line":94,"column":2},"end":{"line":97,"column":5}},"30":{"start":{"line":100,"column":1},"end":{"line":116,"column":2}},"31":{"start":{"line":101,"column":14},"end":{"line":101,"column":61}},"32":{"start":{"line":102,"column":17},"end":{"line":108,"column":3}},"33":{"start":{"line":109,"column":2},"end":{"line":109,"column":35}},"34":{"start":{"line":110,"column":2},"end":{"line":110,"column":16}},"35":{"start":{"line":112,"column":2},"end":{"line":115,"column":5}},"36":{"start":{"line":119,"column":34},"end":{"line":146,"column":1}},"37":{"start":{"line":124,"column":16},"end":{"line":124,"column":28}},"38":{"start":{"line":125,"column":25},"end":{"line":125,"column":35}},"39":{"start":{"line":127,"column":1},"end":{"line":132,"column":2}},"40":{"start":{"line":128,"column":2},"end":{"line":131,"column":5}},"41":{"start":{"line":134,"column":1},"end":{"line":145,"column":2}},"42":{"start":{"line":135,"column":15},"end":{"line":135,"column":67}},"43":{"start":{"line":136,"column":2},"end":{"line":136,"column":55}},"44":{"start":{"line":137,"column":24},"end":{"line":137,"column":59}},"45":{"start":{"line":138,"column":2},"end":{"line":138,"column":43}},"46":{"start":{"line":139,"column":2},"end":{"line":139,"column":16}},"47":{"start":{"line":141,"column":2},"end":{"line":144,"column":5}},"48":{"start":{"line":148,"column":34},"end":{"line":172,"column":1}},"49":{"start":{"line":153,"column":16},"end":{"line":153,"column":28}},"50":{"start":{"line":154,"column":18},"end":{"line":154,"column":28}},"51":{"start":{"line":155,"column":1},"end":{"line":160,"column":2}},"52":{"start":{"line":156,"column":2},"end":{"line":159,"column":5}},"53":{"start":{"line":162,"column":1},"end":{"line":171,"column":2}},"54":{"start":{"line":163,"column":17},"end":{"line":163,"column":62}},"55":{"start":{"line":164,"column":2},"end":{"line":164,"column":38}},"56":{"start":{"line":165,"column":2},"end":{"line":165,"column":16}},"57":{"start":{"line":167,"column":2},"end":{"line":170,"column":5}}},"fnMap":{"0":{"name":"(anonymous_0)","decl":{"start":{"line":24,"column":34},"end":{"line":24,"column":35}},"loc":{"start":{"line":28,"column":5},"end":{"line":55,"column":1}},"line":28},"1":{"name":"(anonymous_1)","decl":{"start":{"line":57,"column":31},"end":{"line":57,"column":32}},"loc":{"start":{"line":61,"column":5},"end":{"line":82,"column":1}},"line":61},"2":{"name":"(anonymous_2)","decl":{"start":{"line":84,"column":34},"end":{"line":84,"column":35}},"loc":{"start":{"line":88,"column":5},"end":{"line":117,"column":1}},"line":88},"3":{"name":"(anonymous_3)","decl":{"start":{"line":119,"column":34},"end":{"line":119,"column":35}},"loc":{"start":{"line":123,"column":5},"end":{"line":146,"column":1}},"line":123},"4":{"name":"(anonymous_4)","decl":{"start":{"line":148,"column":34},"end":{"line":148,"column":35}},"loc":{"start":{"line":152,"column":5},"end":{"line":172,"column":1}},"line":152}},"branchMap":{"0":{"loc":{"start":{"line":32,"column":1},"end":{"line":34,"column":2}},"type":"if","locations":[{"start":{"line":32,"column":1},"end":{"line":34,"column":2}},{"start":{},"end":{}}],"line":32},"1":{"loc":{"start":{"line":43,"column":3},"end":{"line":43,"column":33}},"type":"cond-expr","locations":[{"start":{"line":43,"column":17},"end":{"line":43,"column":28}},{"start":{"line":43,"column":31},"end":{"line":43,"column":33}}],"line":43},"2":{"loc":{"start":{"line":65,"column":1},"end":{"line":70,"column":2}},"type":"if","locations":[{"start":{"line":65,"column":1},"end":{"line":70,"column":2}},{"start":{},"end":{}}],"line":65},"3":{"loc":{"start":{"line":93,"column":1},"end":{"line":98,"column":2}},"type":"if","locations":[{"start":{"line":93,"column":1},"end":{"line":98,"column":2}},{"start":{},"end":{}}],"line":93},"4":{"loc":{"start":{"line":104,"column":3},"end":{"line":104,"column":49}},"type":"cond-expr","locations":[{"start":{"line":104,"column":27},"end":{"line":104,"column":36}},{"start":{"line":104,"column":39},"end":{"line":104,"column":49}}],"line":104},"5":{"loc":{"start":{"line":127,"column":1},"end":{"line":132,"column":2}},"type":"if","locations":[{"start":{"line":127,"column":1},"end":{"line":132,"column":2}},{"start":{},"end":{}}],"line":127},"6":{"loc":{"start":{"line":155,"column":1},"end":{"line":160,"column":2}},"type":"if","locations":[{"start":{"line":155,"column":1},"end":{"line":160,"column":2}},{"start":{},"end":{}}],"line":155}},"s":{"0":3,"1":1,"2":1,"3":1,"4":1,"5":0,"6":1,"7":1,"8":1,"9":1,"10":1,"11":1,"12":1,"13":0,"14":3,"15":1,"16":1,"17":1,"18":0,"19":1,"20":1,"21":1,"22":1,"23":0,"24":3,"25":1,"26":1,"27":1,"28":1,"29":0,"30":1,"31":1,"32":1,"33":1,"34":1,"35":0,"36":3,"37":1,"38":1,"39":1,"40":0,"41":1,"42":1,"43":1,"44":1,"45":1,"46":1,"47":0,"48":3,"49":1,"50":1,"51":1,"52":0,"53":1,"54":1,"55":1,"56":1,"57":0},"f":{"0":1,"1":1,"2":1,"3":1,"4":1},"b":{"0":[0,1],"1":[1,0],"2":[0,1],"3":[0,1],"4":[1,0],"5":[0,1],"6":[0,1]},"_coverageSchema":"1a1c01bbd47fc00a2c39e90264f33305004495a9","hash":"ad2c2c62665fc876795dd66a33a90f79d3ef06fa"}
,"/home/jaycho/codesmith/osp-ditto/server/src/models/migrationLog.ts": {"path":"/home/jaycho/codesmith/osp-ditto/server/src/models/migrationLog.ts","statementMap":{"0":{"start":{"line":16,"column":39},"end":{"line":40,"column":1}},"1":{"start":{"line":25,"column":21},"end":{"line":29,"column":5}},"2":{"start":{"line":30,"column":16},"end":{"line":38,"column":3}},"3":{"start":{"line":39,"column":1},"end":{"line":39,"column":34}},"4":{"start":{"line":42,"column":39},"end":{"line":67,"column":1}},"5":{"start":{"line":49,"column":21},"end":{"line":58,"column":5}},"6":{"start":{"line":59,"column":16},"end":{"line":65,"column":3}},"7":{"start":{"line":66,"column":1},"end":{"line":66,"column":34}},"8":{"start":{"line":69,"column":39},"end":{"line":79,"column":1}},"9":{"start":{"line":72,"column":21},"end":{"line":76,"column":5}},"10":{"start":{"line":77,"column":16},"end":{"line":77,"column":58}},"11":{"start":{"line":78,"column":1},"end":{"line":78,"column":40}},"12":{"start":{"line":81,"column":36},"end":{"line":92,"column":1}},"13":{"start":{"line":85,"column":21},"end":{"line":89,"column":2}},"14":{"start":{"line":90,"column":16},"end":{"line":90,"column":66}},"15":{"start":{"line":91,"column":1},"end":{"line":91,"column":34}},"16":{"start":{"line":94,"column":39},"end":{"line":104,"column":1}},"17":{"start":{"line":97,"column":21},"end":{"line":101,"column":2}},"18":{"start":{"line":102,"column":16},"end":{"line":102,"column":51}},"19":{"start":{"line":103,"column":1},"end":{"line":103,"column":33}},"20":{"start":{"line":106,"column":30},"end":{"line":116,"column":1}},"21":{"start":{"line":110,"column":21},"end":{"line":114,"column":2}},"22":{"start":{"line":115,"column":1},"end":{"line":115,"column":50}},"23":{"start":{"line":118,"column":33},"end":{"line":128,"column":1}},"24":{"start":{"line":122,"column":21},"end":{"line":126,"column":2}},"25":{"start":{"line":127,"column":1},"end":{"line":127,"column":50}}},"fnMap":{"0":{"name":"(anonymous_0)","decl":{"start":{"line":16,"column":39},"end":{"line":16,"column":40}},"loc":{"start":{"line":24,"column":28},"end":{"line":40,"column":1}},"line":24},"1":{"name":"(anonymous_1)","decl":{"start":{"line":42,"column":39},"end":{"line":42,"column":40}},"loc":{"start":{"line":48,"column":28},"end":{"line":67,"column":1}},"line":48},"2":{"name":"(anonymous_2)","decl":{"start":{"line":69,"column":39},"end":{"line":69,"column":40}},"loc":{"start":{"line":71,"column":22},"end":{"line":79,"column":1}},"line":71},"3":{"name":"(anonymous_3)","decl":{"start":{"line":81,"column":36},"end":{"line":81,"column":37}},"loc":{"start":{"line":84,"column":28},"end":{"line":92,"column":1}},"line":84},"4":{"name":"(anonymous_4)","decl":{"start":{"line":94,"column":39},"end":{"line":94,"column":40}},"loc":{"start":{"line":96,"column":30},"end":{"line":104,"column":1}},"line":96},"5":{"name":"(anonymous_5)","decl":{"start":{"line":106,"column":30},"end":{"line":106,"column":31}},"loc":{"start":{"line":109,"column":20},"end":{"line":116,"column":1}},"line":109},"6":{"name":"(anonymous_6)","decl":{"start":{"line":118,"column":33},"end":{"line":118,"column":34}},"loc":{"start":{"line":121,"column":20},"end":{"line":128,"column":1}},"line":121}},"branchMap":{"0":{"loc":{"start":{"line":36,"column":2},"end":{"line":36,"column":19}},"type":"binary-expr","locations":[{"start":{"line":36,"column":2},"end":{"line":36,"column":13}},{"start":{"line":36,"column":17},"end":{"line":36,"column":19}}],"line":36},"1":{"loc":{"start":{"line":64,"column":2},"end":{"line":64,"column":19}},"type":"binary-expr","locations":[{"start":{"line":64,"column":2},"end":{"line":64,"column":13}},{"start":{"line":64,"column":17},"end":{"line":64,"column":19}}],"line":64}},"s":{"0":3,"1":1,"2":1,"3":1,"4":3,"5":1,"6":1,"7":1,"8":3,"9":1,"10":1,"11":1,"12":3,"13":2,"14":2,"15":2,"16":3,"17":2,"18":2,"19":2,"20":3,"21":1,"22":1,"23":3,"24":1,"25":1},"f":{"0":1,"1":1,"2":1,"3":2,"4":2,"5":1,"6":1},"b":{"0":[1,0],"1":[1,0]},"_coverageSchema":"1a1c01bbd47fc00a2c39e90264f33305004495a9","hash":"8beace5ded71c954664aefda14a0c1c9ac4a8695"}
,"/home/jaycho/codesmith/osp-ditto/server/src/models/user.ts": {"path":"/home/jaycho/codesmith/osp-ditto/server/src/models/user.ts","statementMap":{"0":{"start":{"line":4,"column":13},"end":{"line":4,"column":15}},"1":{"start":{"line":13,"column":26},"end":{"line":25,"column":1}},"2":{"start":{"line":17,"column":24},"end":{"line":17,"column":57}},"3":{"start":{"line":18,"column":21},"end":{"line":22,"column":5}},"4":{"start":{"line":23,"column":16},"end":{"line":23,"column":71}},"5":{"start":{"line":24,"column":1},"end":{"line":24,"column":26}},"6":{"start":{"line":27,"column":24},"end":{"line":33,"column":1}},"7":{"start":{"line":28,"column":21},"end":{"line":30,"column":5}},"8":{"start":{"line":31,"column":16},"end":{"line":31,"column":55}},"9":{"start":{"line":32,"column":1},"end":{"line":32,"column":55}},"10":{"start":{"line":35,"column":31},"end":{"line":45,"column":1}},"11":{"start":{"line":38,"column":22},"end":{"line":42,"column":3}},"12":{"start":{"line":43,"column":17},"end":{"line":43,"column":60}},"13":{"start":{"line":44,"column":2},"end":{"line":44,"column":27}}},"fnMap":{"0":{"name":"(anonymous_0)","decl":{"start":{"line":13,"column":26},"end":{"line":13,"column":27}},"loc":{"start":{"line":16,"column":20},"end":{"line":25,"column":1}},"line":16},"1":{"name":"(anonymous_1)","decl":{"start":{"line":27,"column":24},"end":{"line":27,"column":25}},"loc":{"start":{"line":27,"column":74},"end":{"line":33,"column":1}},"line":27},"2":{"name":"(anonymous_2)","decl":{"start":{"line":35,"column":31},"end":{"line":35,"column":32}},"loc":{"start":{"line":37,"column":20},"end":{"line":45,"column":1}},"line":37}},"branchMap":{"0":{"loc":{"start":{"line":32,"column":8},"end":{"line":32,"column":54}},"type":"cond-expr","locations":[{"start":{"line":32,"column":29},"end":{"line":32,"column":46}},{"start":{"line":32,"column":50},"end":{"line":32,"column":54}}],"line":32}},"s":{"0":3,"1":3,"2":3,"3":3,"4":3,"5":3,"6":3,"7":7,"8":7,"9":7,"10":3,"11":0,"12":0,"13":0},"f":{"0":3,"1":7,"2":0},"b":{"0":[3,4]},"_coverageSchema":"1a1c01bbd47fc00a2c39e90264f33305004495a9","hash":"bb8506a9ec88a4807fda843c85e27f79c471355b"}
,"/home/jaycho/codesmith/osp-ditto/server/src/models/userDB.ts": {"path":"/home/jaycho/codesmith/osp-ditto/server/src/models/userDB.ts","statementMap":{"0":{"start":{"line":41,"column":31},"end":{"line":57,"column":1}},"1":{"start":{"line":44,"column":21},"end":{"line":54,"column":5}},"2":{"start":{"line":55,"column":16},"end":{"line":55,"column":63}},"3":{"start":{"line":56,"column":1},"end":{"line":56,"column":24}},"4":{"start":{"line":59,"column":37},"end":{"line":71,"column":1}},"5":{"start":{"line":64,"column":21},"end":{"line":68,"column":5}},"6":{"start":{"line":69,"column":16},"end":{"line":69,"column":70}},"7":{"start":{"line":70,"column":1},"end":{"line":70,"column":28}},"8":{"start":{"line":73,"column":39},"end":{"line":84,"column":1}},"9":{"start":{"line":76,"column":21},"end":{"line":81,"column":5}},"10":{"start":{"line":82,"column":16},"end":{"line":82,"column":53}},"11":{"start":{"line":83,"column":1},"end":{"line":83,"column":31}},"12":{"start":{"line":86,"column":35},"end":{"line":98,"column":1}},"13":{"start":{"line":90,"column":21},"end":{"line":95,"column":3}},"14":{"start":{"line":96,"column":16},"end":{"line":96,"column":59}},"15":{"start":{"line":97,"column":1},"end":{"line":97,"column":30}},"16":{"start":{"line":100,"column":38},"end":{"line":111,"column":1}},"17":{"start":{"line":104,"column":21},"end":{"line":108,"column":3}},"18":{"start":{"line":109,"column":16},"end":{"line":109,"column":59}},"19":{"start":{"line":110,"column":1},"end":{"line":110,"column":28}},"20":{"start":{"line":113,"column":36},"end":{"line":126,"column":1}},"21":{"start":{"line":117,"column":21},"end":{"line":121,"column":2}},"22":{"start":{"line":122,"column":1},"end":{"line":122,"column":59}},"23":{"start":{"line":123,"column":16},"end":{"line":123,"column":59}},"24":{"start":{"line":124,"column":1},"end":{"line":124,"column":50}},"25":{"start":{"line":125,"column":1},"end":{"line":125,"column":30}},"26":{"start":{"line":128,"column":37},"end":{"line":140,"column":1}},"27":{"start":{"line":132,"column":21},"end":{"line":137,"column":2}},"28":{"start":{"line":138,"column":16},"end":{"line":138,"column":66}},"29":{"start":{"line":139,"column":1},"end":{"line":139,"column":31}},"30":{"start":{"line":142,"column":32},"end":{"line":156,"column":1}},"31":{"start":{"line":146,"column":21},"end":{"line":149,"column":2}},"32":{"start":{"line":150,"column":16},"end":{"line":150,"column":58}},"33":{"start":{"line":151,"column":1},"end":{"line":154,"column":2}},"34":{"start":{"line":152,"column":25},"end":{"line":152,"column":43}},"35":{"start":{"line":153,"column":2},"end":{"line":153,"column":37}},"36":{"start":{"line":155,"column":1},"end":{"line":155,"column":14}},"37":{"start":{"line":158,"column":32},"end":{"line":162,"column":1}},"38":{"start":{"line":159,"column":14},"end":{"line":159,"column":41}},"39":{"start":{"line":160,"column":1},"end":{"line":160,"column":21}},"40":{"start":{"line":161,"column":1},"end":{"line":161,"column":27}}},"fnMap":{"0":{"name":"(anonymous_0)","decl":{"start":{"line":41,"column":31},"end":{"line":41,"column":32}},"loc":{"start":{"line":43,"column":18},"end":{"line":57,"column":1}},"line":43},"1":{"name":"(anonymous_1)","decl":{"start":{"line":59,"column":37},"end":{"line":59,"column":38}},"loc":{"start":{"line":63,"column":22},"end":{"line":71,"column":1}},"line":63},"2":{"name":"(anonymous_2)","decl":{"start":{"line":73,"column":39},"end":{"line":73,"column":40}},"loc":{"start":{"line":75,"column":28},"end":{"line":84,"column":1}},"line":75},"3":{"name":"(anonymous_3)","decl":{"start":{"line":86,"column":35},"end":{"line":86,"column":36}},"loc":{"start":{"line":89,"column":24},"end":{"line":98,"column":1}},"line":89},"4":{"name":"(anonymous_4)","decl":{"start":{"line":100,"column":38},"end":{"line":100,"column":39}},"loc":{"start":{"line":103,"column":22},"end":{"line":111,"column":1}},"line":103},"5":{"name":"(anonymous_5)","decl":{"start":{"line":113,"column":36},"end":{"line":113,"column":37}},"loc":{"start":{"line":116,"column":27},"end":{"line":126,"column":1}},"line":116},"6":{"name":"(anonymous_6)","decl":{"start":{"line":128,"column":37},"end":{"line":128,"column":38}},"loc":{"start":{"line":131,"column":25},"end":{"line":140,"column":1}},"line":131},"7":{"name":"(anonymous_7)","decl":{"start":{"line":142,"column":32},"end":{"line":142,"column":33}},"loc":{"start":{"line":145,"column":23},"end":{"line":156,"column":1}},"line":145},"8":{"name":"(anonymous_8)","decl":{"start":{"line":158,"column":32},"end":{"line":158,"column":33}},"loc":{"start":{"line":158,"column":60},"end":{"line":162,"column":1}},"line":158}},"branchMap":{"0":{"loc":{"start":{"line":151,"column":1},"end":{"line":154,"column":2}},"type":"if","locations":[{"start":{"line":151,"column":1},"end":{"line":154,"column":2}},{"start":{},"end":{}}],"line":151}},"s":{"0":4,"1":2,"2":2,"3":2,"4":4,"5":1,"6":1,"7":1,"8":4,"9":4,"10":4,"11":4,"12":4,"13":0,"14":0,"15":0,"16":4,"17":1,"18":1,"19":1,"20":4,"21":0,"22":0,"23":0,"24":0,"25":0,"26":4,"27":0,"28":0,"29":0,"30":4,"31":0,"32":0,"33":0,"34":0,"35":0,"36":0,"37":4,"38":1,"39":1,"40":1},"f":{"0":2,"1":1,"2":4,"3":0,"4":1,"5":0,"6":0,"7":0,"8":1},"b":{"0":[0,0]},"_coverageSchema":"1a1c01bbd47fc00a2c39e90264f33305004495a9","hash":"80de591a0e2f822a7706054988468d54b7681b87"}
,"/home/jaycho/codesmith/osp-ditto/server/src/routes/auditRoutes.ts": {"path":"/home/jaycho/codesmith/osp-ditto/server/src/routes/auditRoutes.ts","statementMap":{"0":{"start":{"line":2,"column":15},"end":{"line":2,"column":31}},"1":{"start":{"line":4,"column":0},"end":{"line":6,"column":3}},"2":{"start":{"line":5,"column":1},"end":{"line":5,"column":17}}},"fnMap":{"0":{"name":"(anonymous_0)","decl":{"start":{"line":4,"column":22},"end":{"line":4,"column":23}},"loc":{"start":{"line":4,"column":55},"end":{"line":6,"column":1}},"line":4}},"branchMap":{},"s":{"0":3,"1":3,"2":0},"f":{"0":0},"b":{},"_coverageSchema":"1a1c01bbd47fc00a2c39e90264f33305004495a9","hash":"9d1074587d3715c24bcc2ac987189ca3dfcee24c"}
,"/home/jaycho/codesmith/osp-ditto/server/src/routes/authRoutes.ts": {"path":"/home/jaycho/codesmith/osp-ditto/server/src/routes/authRoutes.ts","statementMap":{"0":{"start":{"line":5,"column":15},"end":{"line":5,"column":31}},"1":{"start":{"line":7,"column":0},"end":{"line":13,"column":2}},"2":{"start":{"line":11,"column":2},"end":{"line":11,"column":42}},"3":{"start":{"line":14,"column":0},"end":{"line":20,"column":2}},"4":{"start":{"line":18,"column":2},"end":{"line":18,"column":41}}},"fnMap":{"0":{"name":"(anonymous_0)","decl":{"start":{"line":10,"column":1},"end":{"line":10,"column":2}},"loc":{"start":{"line":10,"column":56},"end":{"line":12,"column":2}},"line":10},"1":{"name":"(anonymous_1)","decl":{"start":{"line":17,"column":1},"end":{"line":17,"column":2}},"loc":{"start":{"line":17,"column":56},"end":{"line":19,"column":2}},"line":17}},"branchMap":{},"s":{"0":3,"1":3,"2":1,"3":3,"4":1},"f":{"0":1,"1":1},"b":{},"_coverageSchema":"1a1c01bbd47fc00a2c39e90264f33305004495a9","hash":"4ef7475760b9e3236e578886dd4bbe1a281b50f6"}
,"/home/jaycho/codesmith/osp-ditto/server/src/routes/dbRoutes.ts": {"path":"/home/jaycho/codesmith/osp-ditto/server/src/routes/dbRoutes.ts","statementMap":{"0":{"start":{"line":9,"column":15},"end":{"line":9,"column":31}},"1":{"start":{"line":11,"column":0},"end":{"line":18,"column":2}},"2":{"start":{"line":16,"column":2},"end":{"line":16,"column":38}},"3":{"start":{"line":19,"column":0},"end":{"line":26,"column":2}},"4":{"start":{"line":24,"column":2},"end":{"line":24,"column":53}},"5":{"start":{"line":28,"column":0},"end":{"line":35,"column":2}},"6":{"start":{"line":33,"column":2},"end":{"line":33,"column":43}}},"fnMap":{"0":{"name":"(anonymous_0)","decl":{"start":{"line":15,"column":1},"end":{"line":15,"column":2}},"loc":{"start":{"line":15,"column":56},"end":{"line":17,"column":2}},"line":15},"1":{"name":"(anonymous_1)","decl":{"start":{"line":23,"column":1},"end":{"line":23,"column":2}},"loc":{"start":{"line":23,"column":56},"end":{"line":25,"column":2}},"line":23},"2":{"name":"(anonymous_2)","decl":{"start":{"line":32,"column":1},"end":{"line":32,"column":2}},"loc":{"start":{"line":32,"column":56},"end":{"line":34,"column":2}},"line":32}},"branchMap":{},"s":{"0":3,"1":3,"2":1,"3":3,"4":1,"5":3,"6":1},"f":{"0":1,"1":1,"2":1},"b":{},"_coverageSchema":"1a1c01bbd47fc00a2c39e90264f33305004495a9","hash":"41b9485af30337eaa73c0307d5713ea004103fe3"}
,"/home/jaycho/codesmith/osp-ditto/server/src/routes/githubAuthRoutes.ts": {"path":"/home/jaycho/codesmith/osp-ditto/server/src/routes/githubAuthRoutes.ts","statementMap":{"0":{"start":{"line":4,"column":15},"end":{"line":4,"column":31}},"1":{"start":{"line":6,"column":0},"end":{"line":6,"column":34}},"2":{"start":{"line":12,"column":0},"end":{"line":12,"column":40}},"3":{"start":{"line":14,"column":0},"end":{"line":14,"column":30}}},"fnMap":{},"branchMap":{},"s":{"0":3,"1":3,"2":3,"3":3},"f":{},"b":{},"_coverageSchema":"1a1c01bbd47fc00a2c39e90264f33305004495a9","hash":"7719b568a5efdf91c562eaa1c7241afbf1a22c30"}
,"/home/jaycho/codesmith/osp-ditto/server/src/routes/migrationLogRoutes.ts": {"path":"/home/jaycho/codesmith/osp-ditto/server/src/routes/migrationLogRoutes.ts","statementMap":{"0":{"start":{"line":11,"column":15},"end":{"line":11,"column":31}},"1":{"start":{"line":13,"column":0},"end":{"line":20,"column":2}},"2":{"start":{"line":18,"column":2},"end":{"line":18,"column":48}},"3":{"start":{"line":22,"column":0},"end":{"line":29,"column":2}},"4":{"start":{"line":27,"column":2},"end":{"line":27,"column":48}},"5":{"start":{"line":31,"column":0},"end":{"line":38,"column":2}},"6":{"start":{"line":36,"column":2},"end":{"line":36,"column":48}},"7":{"start":{"line":40,"column":0},"end":{"line":47,"column":2}},"8":{"start":{"line":45,"column":2},"end":{"line":45,"column":51}},"9":{"start":{"line":49,"column":0},"end":{"line":56,"column":2}},"10":{"start":{"line":54,"column":2},"end":{"line":54,"column":49}}},"fnMap":{"0":{"name":"(anonymous_0)","decl":{"start":{"line":17,"column":1},"end":{"line":17,"column":2}},"loc":{"start":{"line":17,"column":34},"end":{"line":19,"column":2}},"line":17},"1":{"name":"(anonymous_1)","decl":{"start":{"line":26,"column":1},"end":{"line":26,"column":2}},"loc":{"start":{"line":26,"column":34},"end":{"line":28,"column":2}},"line":26},"2":{"name":"(anonymous_2)","decl":{"start":{"line":35,"column":1},"end":{"line":35,"column":2}},"loc":{"start":{"line":35,"column":34},"end":{"line":37,"column":2}},"line":35},"3":{"name":"(anonymous_3)","decl":{"start":{"line":44,"column":1},"end":{"line":44,"column":2}},"loc":{"start":{"line":44,"column":34},"end":{"line":46,"column":2}},"line":44},"4":{"name":"(anonymous_4)","decl":{"start":{"line":53,"column":1},"end":{"line":53,"column":2}},"loc":{"start":{"line":53,"column":34},"end":{"line":55,"column":2}},"line":53}},"branchMap":{},"s":{"0":3,"1":3,"2":1,"3":3,"4":1,"5":3,"6":1,"7":3,"8":1,"9":3,"10":1},"f":{"0":1,"1":1,"2":1,"3":1,"4":1},"b":{},"_coverageSchema":"1a1c01bbd47fc00a2c39e90264f33305004495a9","hash":"0a17a50a9cf700dc335b18518707c4e4a59a6a18"}
,"/home/jaycho/codesmith/osp-ditto/server/src/routes/migrationRoutes.ts": {"path":"/home/jaycho/codesmith/osp-ditto/server/src/routes/migrationRoutes.ts","statementMap":{"0":{"start":{"line":5,"column":15},"end":{"line":5,"column":31}},"1":{"start":{"line":11,"column":0},"end":{"line":18,"column":2}},"2":{"start":{"line":20,"column":0},"end":{"line":22,"column":3}},"3":{"start":{"line":21,"column":1},"end":{"line":21,"column":21}}},"fnMap":{"0":{"name":"(anonymous_0)","decl":{"start":{"line":20,"column":24},"end":{"line":20,"column":25}},"loc":{"start":{"line":20,"column":57},"end":{"line":22,"column":1}},"line":20}},"branchMap":{},"s":{"0":3,"1":3,"2":3,"3":0},"f":{"0":0},"b":{},"_coverageSchema":"1a1c01bbd47fc00a2c39e90264f33305004495a9","hash":"9ae6e90d7672317d0d1cd7f0c84e7a291c02422b"}
}
