TN:
SF:server/src/db.ts
FN:17,(anonymous_0)
FN:31,(anonymous_1)
FN:45,(anonymous_2)
FNF:3
FNH:2
FNDA:0,(anonymous_0)
FNDA:3,(anonymous_1)
FNDA:33,(anonymous_2)
DA:3,4
DA:5,4
DA:16,4
DA:19,0
DA:20,0
DA:21,0
DA:23,0
DA:24,0
DA:26,0
DA:33,3
DA:34,3
DA:35,3
DA:37,0
DA:38,0
DA:40,0
DA:46,33
DA:47,33
DA:48,33
DA:50,0
DA:51,0
DA:53,0
LF:21
LH:9
BRDA:8,0,0,4
BRDA:8,0,1,0
BRDA:23,1,0,0
BRDA:23,1,1,0
BRDA:37,2,0,0
BRDA:37,2,1,0
BRDA:50,3,0,0
BRDA:50,3,1,0
BRF:8
BRH:1
end_of_record
TN:
SF:server/src/server.ts
FN:46,(anonymous_0)
FN:53,(anonymous_1)
FN:65,(anonymous_2)
FNF:3
FNH:0
FNDA:0,(anonymous_0)
FNDA:0,(anonymous_1)
FNDA:0,(anonymous_2)
DA:12,3
DA:14,3
DA:15,3
DA:17,3
DA:19,3
DA:20,3
DA:22,3
DA:23,3
DA:33,3
DA:35,3
DA:37,3
DA:39,3
DA:41,3
DA:43,3
DA:46,3
DA:47,0
DA:48,0
DA:53,3
DA:54,0
DA:59,0
DA:60,0
DA:61,0
DA:64,3
DA:65,0
DA:66,0
LF:25
LH:17
BRDA:64,0,0,0
BRDA:64,0,1,3
BRF:2
BRH:1
end_of_record
TN:
SF:server/src/controllers/authController.ts
FN:12,(anonymous_0)
FN:22,(anonymous_1)
FN:37,(anonymous_2)
FN:63,(anonymous_3)
FNF:4
FNH:4
FNDA:25,(anonymous_0)
FNDA:17,(anonymous_1)
FNDA:4,(anonymous_2)
FNDA:3,(anonymous_3)
DA:6,3
DA:8,3
DA:9,0
DA:12,3
DA:17,25
DA:18,25
DA:20,17
DA:22,17
DA:23,17
DA:24,8
DA:25,8
DA:28,9
DA:29,9
DA:32,8
DA:33,8
DA:37,3
DA:42,4
DA:43,4
DA:44,4
DA:45,4
DA:46,1
DA:47,1
DA:48,3
DA:49,2
DA:50,2
DA:52,1
DA:53,1
DA:54,1
DA:56,0
DA:63,3
DA:68,3
DA:69,3
DA:70,3
DA:71,3
DA:72,1
DA:73,1
DA:76,2
DA:77,2
DA:78,1
DA:79,1
DA:82,1
DA:87,1
DA:88,1
DA:90,0
LF:44
LH:41
BRDA:8,0,0,0
BRDA:8,0,1,3
BRDA:18,1,0,17
BRDA:18,1,1,8
BRDA:23,2,0,8
BRDA:23,2,1,9
BRDA:45,3,0,1
BRDA:45,3,1,3
BRDA:48,4,0,2
BRDA:48,4,1,1
BRDA:48,5,0,3
BRDA:48,5,1,2
BRDA:71,6,0,1
BRDA:71,6,1,2
BRDA:77,7,0,1
BRDA:77,7,1,1
BRF:16
BRH:15
end_of_record
TN:
SF:server/src/controllers/dbController.ts
FN:10,(anonymous_0)
FN:28,(anonymous_1)
FN:49,(anonymous_2)
FN:71,(anonymous_3)
FN:102,(anonymous_4)
FNF:5
FNH:4
FNDA:2,(anonymous_0)
FNDA:1,(anonymous_1)
FNDA:1,(anonymous_2)
FNDA:0,(anonymous_3)
FNDA:1,(anonymous_4)
DA:10,3
DA:15,2
DA:17,2
DA:19,2
DA:20,0
DA:21,0
DA:24,2
DA:25,2
DA:26,2
DA:27,2
DA:28,1
DA:31,2
DA:32,1
DA:33,1
DA:37,1
DA:38,1
DA:39,1
DA:40,1
DA:42,0
DA:49,3
DA:54,1
DA:55,1
DA:56,0
DA:57,0
DA:59,1
DA:60,1
DA:61,1
DA:62,1
DA:64,0
DA:71,3
DA:77,0
DA:78,0
DA:80,0
DA:81,0
DA:82,0
DA:84,0
DA:85,0
DA:86,0
DA:87,0
DA:92,0
DA:93,0
DA:95,0
DA:102,3
DA:107,1
DA:108,1
DA:110,1
DA:111,0
DA:112,0
DA:114,1
DA:115,1
DA:116,1
DA:117,1
DA:118,1
DA:120,0
LF:54
LH:33
BRDA:19,0,0,0
BRDA:19,0,1,2
BRDA:26,1,0,2
BRDA:26,1,1,0
BRDA:31,2,0,1
BRDA:31,2,1,1
BRDA:55,3,0,0
BRDA:55,3,1,1
BRDA:80,4,0,0
BRDA:80,4,1,0
BRDA:86,5,0,0
BRDA:86,5,1,0
BRDA:110,6,0,0
BRDA:110,6,1,1
BRF:14
BRH:6
end_of_record
TN:
SF:server/src/controllers/engineController.ts
FN:12,(anonymous_0)
FN:21,(anonymous_1)
FN:39,(anonymous_2)
FN:60,(anonymous_3)
FN:64,(anonymous_4)
FNF:5
FNH:1
FNDA:0,(anonymous_0)
FNDA:4,(anonymous_1)
FNDA:0,(anonymous_2)
FNDA:0,(anonymous_3)
FNDA:0,(anonymous_4)
DA:12,4
DA:13,0
DA:21,4
DA:26,4
DA:27,4
DA:28,3
DA:30,3
DA:31,3
DA:33,4
DA:34,3
DA:39,4
DA:44,0
DA:45,0
DA:46,0
DA:48,0
DA:49,0
DA:54,0
DA:56,0
DA:57,0
DA:58,0
DA:59,0
DA:60,0
DA:61,0
DA:63,0
DA:64,0
DA:66,0
DA:67,0
DA:68,0
DA:74,0
DA:75,0
DA:76,0
DA:77,0
DA:82,0
DA:84,0
DA:88,0
DA:89,0
DA:90,0
DA:95,0
DA:96,0
DA:97,0
DA:99,0
DA:104,0
DA:112,0
DA:114,0
LF:44
LH:10
BRDA:33,0,0,3
BRDA:33,0,1,1
BRDA:48,1,0,0
BRDA:48,1,1,0
BRDA:48,2,0,0
BRDA:48,2,1,0
BRDA:67,3,0,0
BRDA:67,3,1,0
BRDA:88,4,0,0
BRDA:88,4,1,0
BRF:10
BRH:2
end_of_record
TN:
SF:server/src/controllers/githubAuthController.ts
FN:17,(anonymous_0)
FN:22,(anonymous_1)
FN:88,(anonymous_2)
FN:89,(anonymous_3)
FNF:4
FNH:0
FNDA:0,(anonymous_0)
FNDA:0,(anonymous_1)
FNDA:0,(anonymous_2)
FNDA:0,(anonymous_3)
DA:7,3
DA:8,3
DA:9,3
DA:10,3
DA:17,3
DA:18,0
DA:19,0
DA:22,3
DA:27,0
DA:28,0
DA:29,0
DA:30,0
DA:33,0
DA:35,0
DA:51,0
DA:52,0
DA:53,0
DA:54,0
DA:57,0
DA:63,0
DA:64,0
DA:65,0
DA:66,0
DA:67,0
DA:70,0
DA:75,0
DA:76,0
DA:79,0
DA:80,0
DA:82,0
DA:88,3
DA:89,0
DA:90,0
DA:91,0
DA:93,0
LF:35
LH:7
BRDA:29,0,0,0
BRDA:29,0,1,0
BRDA:53,1,0,0
BRDA:53,1,1,0
BRDA:66,2,0,0
BRDA:66,2,1,0
BRDA:90,3,0,0
BRDA:90,3,1,0
BRF:8
BRH:0
end_of_record
TN:
SF:server/src/controllers/migrationLogsController.ts
FN:24,(anonymous_0)
FN:57,(anonymous_1)
FN:84,(anonymous_2)
FN:119,(anonymous_3)
FN:148,(anonymous_4)
FNF:5
FNH:5
FNDA:1,(anonymous_0)
FNDA:1,(anonymous_1)
FNDA:1,(anonymous_2)
FNDA:1,(anonymous_3)
FNDA:1,(anonymous_4)
DA:24,3
DA:29,1
DA:30,1
DA:31,1
DA:32,1
DA:33,0
DA:35,1
DA:36,1
DA:37,1
DA:45,1
DA:46,1
DA:47,1
DA:48,1
DA:50,0
DA:57,3
DA:62,1
DA:63,1
DA:65,1
DA:66,0
DA:72,1
DA:73,1
DA:74,1
DA:75,1
DA:77,0
DA:84,3
DA:89,1
DA:90,1
DA:91,1
DA:93,1
DA:94,0
DA:100,1
DA:101,1
DA:102,1
DA:109,1
DA:110,1
DA:112,0
DA:119,3
DA:124,1
DA:125,1
DA:127,1
DA:128,0
DA:134,1
DA:135,1
DA:136,1
DA:137,1
DA:138,1
DA:139,1
DA:141,0
DA:148,3
DA:153,1
DA:154,1
DA:155,1
DA:156,0
DA:162,1
DA:163,1
DA:164,1
DA:165,1
DA:167,0
LF:58
LH:48
BRDA:32,0,0,0
BRDA:32,0,1,1
BRDA:43,1,0,1
BRDA:43,1,1,0
BRDA:65,2,0,0
BRDA:65,2,1,1
BRDA:93,3,0,0
BRDA:93,3,1,1
BRDA:104,4,0,1
BRDA:104,4,1,0
BRDA:127,5,0,0
BRDA:127,5,1,1
BRDA:155,6,0,0
BRDA:155,6,1,1
BRF:14
BRH:7
end_of_record
TN:
SF:server/src/models/migrationLog.ts
FN:16,(anonymous_0)
FN:42,(anonymous_1)
FN:69,(anonymous_2)
FN:81,(anonymous_3)
FN:94,(anonymous_4)
FN:106,(anonymous_5)
FN:118,(anonymous_6)
FNF:7
FNH:7
FNDA:1,(anonymous_0)
FNDA:1,(anonymous_1)
FNDA:1,(anonymous_2)
FNDA:2,(anonymous_3)
FNDA:2,(anonymous_4)
FNDA:1,(anonymous_5)
FNDA:1,(anonymous_6)
DA:16,3
DA:25,1
DA:30,1
DA:39,1
DA:42,3
DA:49,1
DA:59,1
DA:66,1
DA:69,3
DA:72,1
DA:77,1
DA:78,1
DA:81,3
DA:85,2
DA:90,2
DA:91,2
DA:94,3
DA:97,2
DA:102,2
DA:103,2
DA:106,3
DA:110,1
DA:115,1
DA:118,3
DA:122,1
DA:127,1
LF:26
LH:26
BRDA:36,0,0,1
BRDA:36,0,1,0
BRDA:64,1,0,1
BRDA:64,1,1,0
BRF:4
BRH:2
end_of_record
TN:
SF:server/src/models/user.ts
FN:13,(anonymous_0)
FN:27,(anonymous_1)
FN:35,(anonymous_2)
FNF:3
FNH:2
FNDA:3,(anonymous_0)
FNDA:7,(anonymous_1)
FNDA:0,(anonymous_2)
DA:4,3
DA:13,3
DA:17,3
DA:18,3
DA:23,3
DA:24,3
DA:27,3
DA:28,7
DA:31,7
DA:32,7
DA:35,3
DA:38,0
DA:43,0
DA:44,0
LF:14
LH:11
BRDA:32,0,0,3
BRDA:32,0,1,4
BRF:2
BRH:2
end_of_record
TN:
SF:server/src/models/userDB.ts
FN:41,(anonymous_0)
FN:59,(anonymous_1)
FN:73,(anonymous_2)
FN:86,(anonymous_3)
FN:100,(anonymous_4)
FN:113,(anonymous_5)
FN:128,(anonymous_6)
FN:142,(anonymous_7)
FN:158,(anonymous_8)
FNF:9
FNH:5
FNDA:2,(anonymous_0)
FNDA:1,(anonymous_1)
FNDA:4,(anonymous_2)
FNDA:0,(anonymous_3)
FNDA:1,(anonymous_4)
FNDA:0,(anonymous_5)
FNDA:0,(anonymous_6)
FNDA:0,(anonymous_7)
FNDA:1,(anonymous_8)
DA:41,4
DA:44,2
DA:55,2
DA:56,2
DA:59,4
DA:64,1
DA:69,1
DA:70,1
DA:73,4
DA:76,4
DA:82,4
DA:83,4
DA:86,4
DA:90,0
DA:96,0
DA:97,0
DA:100,4
DA:104,1
DA:109,1
DA:110,1
DA:113,4
DA:117,0
DA:122,0
DA:123,0
DA:124,0
DA:125,0
DA:128,4
DA:132,0
DA:138,0
DA:139,0
DA:142,4
DA:146,0
DA:150,0
DA:151,0
DA:152,0
DA:153,0
DA:155,0
DA:158,4
DA:159,1
DA:160,1
DA:161,1
LF:41
LH:24
BRDA:151,0,0,0
BRDA:151,0,1,0
BRF:2
BRH:0
end_of_record
TN:
SF:server/src/routes/auditRoutes.ts
FN:4,(anonymous_0)
FNF:1
FNH:0
FNDA:0,(anonymous_0)
DA:2,3
DA:4,3
DA:5,0
LF:3
LH:2
BRF:0
BRH:0
end_of_record
TN:
SF:server/src/routes/authRoutes.ts
FN:10,(anonymous_0)
FN:17,(anonymous_1)
FNF:2
FNH:2
FNDA:1,(anonymous_0)
FNDA:1,(anonymous_1)
DA:5,3
DA:7,3
DA:11,1
DA:14,3
DA:18,1
LF:5
LH:5
BRF:0
BRH:0
end_of_record
TN:
SF:server/src/routes/dbRoutes.ts
FN:15,(anonymous_0)
FN:23,(anonymous_1)
FN:32,(anonymous_2)
FNF:3
FNH:3
FNDA:1,(anonymous_0)
FNDA:1,(anonymous_1)
FNDA:1,(anonymous_2)
DA:9,3
DA:11,3
DA:16,1
DA:19,3
DA:24,1
DA:28,3
DA:33,1
LF:7
LH:7
BRF:0
BRH:0
end_of_record
TN:
SF:server/src/routes/githubAuthRoutes.ts
FNF:0
FNH:0
DA:4,3
DA:6,3
DA:12,3
DA:14,3
LF:4
LH:4
BRF:0
BRH:0
end_of_record
TN:
SF:server/src/routes/migrationLogRoutes.ts
FN:17,(anonymous_0)
FN:26,(anonymous_1)
FN:35,(anonymous_2)
FN:44,(anonymous_3)
FN:53,(anonymous_4)
FNF:5
FNH:5
FNDA:1,(anonymous_0)
FNDA:1,(anonymous_1)
FNDA:1,(anonymous_2)
FNDA:1,(anonymous_3)
FNDA:1,(anonymous_4)
DA:11,3
DA:13,3
DA:18,1
DA:22,3
DA:27,1
DA:31,3
DA:36,1
DA:40,3
DA:45,1
DA:49,3
DA:54,1
LF:11
LH:11
BRF:0
BRH:0
end_of_record
TN:
SF:server/src/routes/migrationRoutes.ts
FN:20,(anonymous_0)
FNF:1
FNH:0
FNDA:0,(anonymous_0)
DA:5,3
DA:11,3
DA:20,3
DA:21,0
LF:4
LH:3
BRF:0
BRH:0
end_of_record
