TN:
SF:server/src/db.ts
FN:17,(anonymous_0)
FN:31,(anonymous_1)
FN:45,(anonymous_2)
FNF:3
FNH:1
FNDA:0,(anonymous_0)
FNDA:0,(anonymous_1)
FNDA:3,(anonymous_2)
DA:3,2
DA:5,2
DA:16,2
DA:19,0
DA:20,0
DA:21,0
DA:23,0
DA:24,0
DA:26,0
DA:33,0
DA:34,0
DA:35,0
DA:37,0
DA:38,0
DA:40,0
DA:46,3
DA:47,3
DA:48,0
DA:50,3
DA:51,3
DA:53,0
LF:21
LH:7
BRDA:8,0,0,2
BRDA:8,0,1,0
BRDA:23,1,0,0
BRDA:23,1,1,0
BRDA:37,2,0,0
BRDA:37,2,1,0
BRDA:50,3,0,3
BRDA:50,3,1,0
BRF:8
BRH:2
end_of_record
TN:
SF:server/src/server.ts
FN:46,(anonymous_0)
FN:53,(anonymous_1)
FN:65,(anonymous_2)
FNF:3
FNH:2
FNDA:1,(anonymous_0)
FNDA:2,(anonymous_1)
FNDA:0,(anonymous_2)
DA:12,1
DA:14,1
DA:15,1
DA:17,1
DA:19,1
DA:20,1
DA:22,1
DA:23,1
DA:33,1
DA:35,1
DA:37,1
DA:39,1
DA:41,1
DA:43,1
DA:46,1
DA:47,1
DA:48,1
DA:53,1
DA:54,2
DA:59,2
DA:60,2
DA:61,2
DA:64,1
DA:65,0
DA:66,0
LF:25
LH:23
BRDA:64,0,0,0
BRDA:64,0,1,1
BRF:2
BRH:1
end_of_record
TN:
SF:server/src/controllers/authController.ts
FN:12,(anonymous_0)
FN:22,(anonymous_1)
FN:39,(anonymous_2)
FN:64,(anonymous_3)
FNF:4
FNH:1
FNDA:2,(anonymous_0)
FNDA:0,(anonymous_1)
FNDA:0,(anonymous_2)
FNDA:0,(anonymous_3)
DA:6,1
DA:8,1
DA:9,0
DA:12,1
DA:17,2
DA:18,2
DA:20,0
DA:22,0
DA:23,0
DA:24,0
DA:25,0
DA:28,0
DA:29,0
DA:32,2
DA:39,1
DA:44,0
DA:45,0
DA:46,0
DA:47,0
DA:48,0
DA:53,0
DA:54,0
DA:55,0
DA:57,0
DA:64,1
DA:69,0
DA:70,0
DA:71,0
DA:72,0
DA:73,0
DA:79,0
DA:80,0
DA:81,0
DA:87,0
DA:92,0
DA:93,0
DA:95,0
LF:37
LH:8
BRDA:8,0,0,0
BRDA:8,0,1,1
BRDA:18,1,0,0
BRDA:18,1,1,2
BRDA:23,2,0,0
BRDA:23,2,1,0
BRDA:47,3,0,0
BRDA:47,3,1,0
BRDA:72,4,0,0
BRDA:72,4,1,0
BRDA:80,5,0,0
BRDA:80,5,1,0
BRF:12
BRH:2
end_of_record
TN:
SF:server/src/controllers/dbController.ts
FN:10,(anonymous_0)
FN:29,(anonymous_1)
FN:52,(anonymous_2)
FN:76,(anonymous_3)
FN:109,(anonymous_4)
FNF:5
FNH:0
FNDA:0,(anonymous_0)
FNDA:0,(anonymous_1)
FNDA:0,(anonymous_2)
FNDA:0,(anonymous_3)
FNDA:0,(anonymous_4)
DA:10,1
DA:15,0
DA:17,0
DA:19,0
DA:20,0
DA:25,0
DA:26,0
DA:27,0
DA:28,0
DA:29,0
DA:32,0
DA:33,0
DA:40,0
DA:41,0
DA:42,0
DA:43,0
DA:45,0
DA:52,1
DA:57,0
DA:58,0
DA:59,0
DA:64,0
DA:65,0
DA:66,0
DA:67,0
DA:69,0
DA:76,1
DA:82,0
DA:83,0
DA:85,0
DA:86,0
DA:91,0
DA:92,0
DA:93,0
DA:94,0
DA:99,0
DA:100,0
DA:102,0
DA:109,1
DA:114,0
DA:115,0
DA:117,0
DA:118,0
DA:123,0
DA:124,0
DA:125,0
DA:126,0
DA:127,0
DA:129,0
LF:49
LH:4
BRDA:19,0,0,0
BRDA:19,0,1,0
BRDA:27,1,0,0
BRDA:27,1,1,0
BRDA:32,2,0,0
BRDA:32,2,1,0
BRDA:58,3,0,0
BRDA:58,3,1,0
BRDA:85,4,0,0
BRDA:85,4,1,0
BRDA:93,5,0,0
BRDA:93,5,1,0
BRDA:117,6,0,0
BRDA:117,6,1,0
BRF:14
BRH:0
end_of_record
TN:
SF:server/src/controllers/engineController.ts
FN:12,(anonymous_0)
FN:21,(anonymous_1)
FN:39,(anonymous_2)
FN:60,(anonymous_3)
FN:64,(anonymous_4)
FNF:5
FNH:1
FNDA:0,(anonymous_0)
FNDA:4,(anonymous_1)
FNDA:0,(anonymous_2)
FNDA:0,(anonymous_3)
FNDA:0,(anonymous_4)
DA:12,2
DA:13,0
DA:21,2
DA:26,4
DA:27,4
DA:28,3
DA:30,3
DA:31,3
DA:33,4
DA:34,3
DA:39,2
DA:44,0
DA:45,0
DA:46,0
DA:48,0
DA:49,0
DA:54,0
DA:56,0
DA:57,0
DA:58,0
DA:59,0
DA:60,0
DA:61,0
DA:63,0
DA:64,0
DA:66,0
DA:67,0
DA:68,0
DA:74,0
DA:75,0
DA:76,0
DA:77,0
DA:82,0
DA:84,0
DA:88,0
DA:89,0
DA:90,0
DA:95,0
DA:96,0
DA:97,0
DA:99,0
DA:104,0
DA:112,0
DA:114,0
LF:44
LH:10
BRDA:33,0,0,3
BRDA:33,0,1,1
BRDA:48,1,0,0
BRDA:48,1,1,0
BRDA:48,2,0,0
BRDA:48,2,1,0
BRDA:67,3,0,0
BRDA:67,3,1,0
BRDA:88,4,0,0
BRDA:88,4,1,0
BRF:10
BRH:2
end_of_record
TN:
SF:server/src/controllers/githubAuthController.ts
FN:17,(anonymous_0)
FN:22,(anonymous_1)
FN:88,(anonymous_2)
FN:89,(anonymous_3)
FNF:4
FNH:0
FNDA:0,(anonymous_0)
FNDA:0,(anonymous_1)
FNDA:0,(anonymous_2)
FNDA:0,(anonymous_3)
DA:7,1
DA:8,1
DA:9,1
DA:10,1
DA:17,1
DA:18,0
DA:19,0
DA:22,1
DA:27,0
DA:28,0
DA:29,0
DA:30,0
DA:33,0
DA:35,0
DA:51,0
DA:52,0
DA:53,0
DA:54,0
DA:57,0
DA:63,0
DA:64,0
DA:65,0
DA:66,0
DA:67,0
DA:70,0
DA:75,0
DA:76,0
DA:79,0
DA:80,0
DA:82,0
DA:88,1
DA:89,0
DA:90,0
DA:91,0
DA:93,0
LF:35
LH:7
BRDA:29,0,0,0
BRDA:29,0,1,0
BRDA:53,1,0,0
BRDA:53,1,1,0
BRDA:66,2,0,0
BRDA:66,2,1,0
BRDA:90,3,0,0
BRDA:90,3,1,0
BRF:8
BRH:0
end_of_record
TN:
SF:server/src/controllers/migrationLogsController.ts
FN:24,(anonymous_0)
FN:61,(anonymous_1)
FN:88,(anonymous_2)
FN:123,(anonymous_3)
FN:152,(anonymous_4)
FNF:5
FNH:0
FNDA:0,(anonymous_0)
FNDA:0,(anonymous_1)
FNDA:0,(anonymous_2)
FNDA:0,(anonymous_3)
FNDA:0,(anonymous_4)
DA:24,1
DA:29,0
DA:30,0
DA:31,0
DA:32,0
DA:33,0
DA:38,0
DA:39,0
DA:40,0
DA:49,0
DA:50,0
DA:51,0
DA:52,0
DA:54,0
DA:61,1
DA:66,0
DA:67,0
DA:69,0
DA:70,0
DA:76,0
DA:77,0
DA:78,0
DA:79,0
DA:81,0
DA:88,1
DA:93,0
DA:94,0
DA:95,0
DA:97,0
DA:98,0
DA:104,0
DA:105,0
DA:106,0
DA:113,0
DA:114,0
DA:116,0
DA:123,1
DA:128,0
DA:129,0
DA:131,0
DA:132,0
DA:138,0
DA:139,0
DA:140,0
DA:141,0
DA:142,0
DA:143,0
DA:145,0
DA:152,1
DA:157,0
DA:158,0
DA:159,0
DA:160,0
DA:166,0
DA:167,0
DA:168,0
DA:169,0
DA:171,0
LF:58
LH:5
BRDA:32,0,0,0
BRDA:32,0,1,0
BRDA:47,1,0,0
BRDA:47,1,1,0
BRDA:69,2,0,0
BRDA:69,2,1,0
BRDA:97,3,0,0
BRDA:97,3,1,0
BRDA:108,4,0,0
BRDA:108,4,1,0
BRDA:131,5,0,0
BRDA:131,5,1,0
BRDA:159,6,0,0
BRDA:159,6,1,0
BRF:14
BRH:0
end_of_record
TN:
SF:server/src/models/migrationLog.ts
FN:16,(anonymous_0)
FN:42,(anonymous_1)
FN:69,(anonymous_2)
FN:81,(anonymous_3)
FN:94,(anonymous_4)
FN:106,(anonymous_5)
FN:118,(anonymous_6)
FNF:7
FNH:0
FNDA:0,(anonymous_0)
FNDA:0,(anonymous_1)
FNDA:0,(anonymous_2)
FNDA:0,(anonymous_3)
FNDA:0,(anonymous_4)
FNDA:0,(anonymous_5)
FNDA:0,(anonymous_6)
DA:16,1
DA:25,0
DA:30,0
DA:39,0
DA:42,1
DA:49,0
DA:59,0
DA:66,0
DA:69,1
DA:72,0
DA:77,0
DA:78,0
DA:81,1
DA:85,0
DA:90,0
DA:91,0
DA:94,1
DA:97,0
DA:102,0
DA:103,0
DA:106,1
DA:110,0
DA:115,0
DA:118,1
DA:122,0
DA:127,0
LF:26
LH:7
BRDA:36,0,0,0
BRDA:36,0,1,0
BRDA:64,1,0,0
BRDA:64,1,1,0
BRF:4
BRH:0
end_of_record
TN:
SF:server/src/models/user.ts
FN:13,(anonymous_0)
FN:27,(anonymous_1)
FN:35,(anonymous_2)
FNF:3
FNH:0
FNDA:0,(anonymous_0)
FNDA:0,(anonymous_1)
FNDA:0,(anonymous_2)
DA:4,1
DA:13,1
DA:17,0
DA:18,0
DA:23,0
DA:24,0
DA:27,1
DA:28,0
DA:31,0
DA:32,0
DA:35,1
DA:38,0
DA:43,0
DA:44,0
LF:14
LH:4
BRDA:32,0,0,0
BRDA:32,0,1,0
BRF:2
BRH:0
end_of_record
TN:
SF:server/src/models/userDB.ts
FN:41,(anonymous_0)
FN:59,(anonymous_1)
FN:73,(anonymous_2)
FN:86,(anonymous_3)
FN:100,(anonymous_4)
FN:113,(anonymous_5)
FN:128,(anonymous_6)
FN:142,(anonymous_7)
FN:158,(anonymous_8)
FNF:9
FNH:0
FNDA:0,(anonymous_0)
FNDA:0,(anonymous_1)
FNDA:0,(anonymous_2)
FNDA:0,(anonymous_3)
FNDA:0,(anonymous_4)
FNDA:0,(anonymous_5)
FNDA:0,(anonymous_6)
FNDA:0,(anonymous_7)
FNDA:0,(anonymous_8)
DA:41,2
DA:44,0
DA:55,0
DA:56,0
DA:59,2
DA:64,0
DA:69,0
DA:70,0
DA:73,2
DA:76,0
DA:82,0
DA:83,0
DA:86,2
DA:90,0
DA:96,0
DA:97,0
DA:100,2
DA:104,0
DA:109,0
DA:110,0
DA:113,2
DA:117,0
DA:122,0
DA:123,0
DA:124,0
DA:125,0
DA:128,2
DA:132,0
DA:138,0
DA:139,0
DA:142,2
DA:146,0
DA:150,0
DA:151,0
DA:152,0
DA:153,0
DA:155,0
DA:158,2
DA:159,0
DA:160,0
DA:161,0
LF:41
LH:9
BRDA:151,0,0,0
BRDA:151,0,1,0
BRF:2
BRH:0
end_of_record
TN:
SF:server/src/routes/auditRoutes.ts
FN:4,(anonymous_0)
FNF:1
FNH:0
FNDA:0,(anonymous_0)
DA:2,1
DA:4,1
DA:5,0
LF:3
LH:2
BRF:0
BRH:0
end_of_record
TN:
SF:server/src/routes/authRoutes.ts
FN:10,(anonymous_0)
FN:17,(anonymous_1)
FNF:2
FNH:0
FNDA:0,(anonymous_0)
FNDA:0,(anonymous_1)
DA:5,1
DA:7,1
DA:11,0
DA:14,1
DA:18,0
LF:5
LH:3
BRF:0
BRH:0
end_of_record
TN:
SF:server/src/routes/dbRoutes.ts
FN:16,(anonymous_0)
FN:24,(anonymous_1)
FN:43,(anonymous_2)
FNF:3
FNH:0
FNDA:0,(anonymous_0)
FNDA:0,(anonymous_1)
FNDA:0,(anonymous_2)
DA:10,1
DA:12,1
DA:17,0
DA:20,1
DA:25,0
DA:39,1
DA:44,0
LF:7
LH:4
BRF:0
BRH:0
end_of_record
TN:
SF:server/src/routes/githubAuthRoutes.ts
FNF:0
FNH:0
DA:4,1
DA:6,1
DA:12,1
DA:14,1
LF:4
LH:4
BRF:0
BRH:0
end_of_record
TN:
SF:server/src/routes/migrationLogRoutes.ts
FN:17,(anonymous_0)
FN:26,(anonymous_1)
FN:35,(anonymous_2)
FN:44,(anonymous_3)
FN:53,(anonymous_4)
FNF:5
FNH:0
FNDA:0,(anonymous_0)
FNDA:0,(anonymous_1)
FNDA:0,(anonymous_2)
FNDA:0,(anonymous_3)
FNDA:0,(anonymous_4)
DA:11,1
DA:13,1
DA:18,0
DA:22,1
DA:27,0
DA:31,1
DA:36,0
DA:40,1
DA:45,0
DA:49,1
DA:54,0
LF:11
LH:6
BRF:0
BRH:0
end_of_record
TN:
SF:server/src/routes/migrationRoutes.ts
FN:20,(anonymous_0)
FNF:1
FNH:0
FNDA:0,(anonymous_0)
DA:5,1
DA:11,1
DA:20,1
DA:21,0
LF:4
LH:3
BRF:0
BRH:0
end_of_record
